2025-09-23 17:05:36 - PHP Warning:  Undefined array key "config_url" in /Applications/XAMPP/xamppfiles/htdocs/multi_seller_api/admin/controller/setting/store.php on line 657
2025-09-23 17:05:36 - PHP Warning:  Undefined array key "config_meta_title" in /Applications/XAMPP/xamppfiles/htdocs/multi_seller_api/admin/controller/setting/store.php on line 661
2025-09-23 17:05:52 - PHP Warning:  Undefined array key "config_url" in /Applications/XAMPP/xamppfiles/htdocs/multi_seller_api/admin/controller/setting/store.php on line 657
2025-09-23 17:05:52 - PHP Warning:  Undefined array key "config_meta_title" in /Applications/XAMPP/xamppfiles/htdocs/multi_seller_api/admin/controller/setting/store.php on line 661
2025-09-23 17:16:11 - PHP Warning:  Undefined array key "config_url" in /Applications/XAMPP/xamppfiles/htdocs/multi_seller_api/admin/controller/setting/store.php on line 285
2025-09-23 18:06:03 - PHP Warning:  mysqli::query(): (42S22/1054): Unknown column 'url' in 'order clause' in /Applications/XAMPP/xamppfiles/htdocs/multi_seller_api/system/library/db/mysqli.php on line 25
2025-09-23 18:07:12 - PHP Warning:  mysqli::query(): (42S22/1054): Unknown column 'url' in 'order clause' in /Applications/XAMPP/xamppfiles/htdocs/multi_seller_api/system/library/db/mysqli.php on line 25
2025-09-23 18:07:13 - PHP Warning:  mysqli::query(): (42S22/1054): Unknown column 'url' in 'order clause' in /Applications/XAMPP/xamppfiles/htdocs/multi_seller_api/system/library/db/mysqli.php on line 25
2025-09-23 18:08:03 - PHP Warning:  mysqli::query(): (42S22/1054): Unknown column 'dat_added' in 'order clause' in /Applications/XAMPP/xamppfiles/htdocs/multi_seller_api/system/library/db/mysqli.php on line 25
2025-09-23 18:08:03 - PHP Warning:  mysqli::query(): (42S22/1054): Unknown column 'dat_added' in 'order clause' in /Applications/XAMPP/xamppfiles/htdocs/multi_seller_api/system/library/db/mysqli.php on line 25
2025-09-23 19:43:41 - PHP Warning:  Undefined variable $store_info in /Applications/XAMPP/xamppfiles/htdocs/multi_seller_api/admin/controller/setting/store.php on line 231
2025-09-23 19:43:41 - PHP Warning:  Trying to access array offset on value of type null in /Applications/XAMPP/xamppfiles/htdocs/multi_seller_api/admin/controller/setting/store.php on line 231
2025-09-23 19:43:50 - PHP Warning:  Undefined variable $store_info in /Applications/XAMPP/xamppfiles/htdocs/multi_seller_api/admin/controller/setting/store.php on line 231
2025-09-23 19:43:50 - PHP Warning:  Trying to access array offset on value of type null in /Applications/XAMPP/xamppfiles/htdocs/multi_seller_api/admin/controller/setting/store.php on line 231
2025-09-23 19:44:39 - PHP Warning:  Undefined variable $store_info in /Applications/XAMPP/xamppfiles/htdocs/multi_seller_api/admin/controller/setting/store.php on line 236
2025-09-23 19:44:39 - PHP Warning:  Trying to access array offset on value of type null in /Applications/XAMPP/xamppfiles/htdocs/multi_seller_api/admin/controller/setting/store.php on line 236
2025-09-23 19:44:45 - PHP Warning:  Undefined variable $store_info in /Applications/XAMPP/xamppfiles/htdocs/multi_seller_api/admin/controller/setting/store.php on line 236
2025-09-23 19:44:45 - PHP Warning:  Trying to access array offset on value of type null in /Applications/XAMPP/xamppfiles/htdocs/multi_seller_api/admin/controller/setting/store.php on line 236
2025-09-23 19:46:13 - PHP Warning:  Undefined variable $store_info in /Applications/XAMPP/xamppfiles/htdocs/multi_seller_api/admin/controller/setting/store.php on line 236
2025-09-23 19:46:13 - PHP Warning:  Trying to access array offset on value of type null in /Applications/XAMPP/xamppfiles/htdocs/multi_seller_api/admin/controller/setting/store.php on line 236
2025-09-23 19:47:25 - PHP Warning:  Undefined variable $store_info in /Applications/XAMPP/xamppfiles/htdocs/multi_seller_api/admin/controller/setting/store.php on line 238
2025-09-23 19:47:25 - PHP Warning:  Trying to access array offset on value of type null in /Applications/XAMPP/xamppfiles/htdocs/multi_seller_api/admin/controller/setting/store.php on line 238
2025-09-23 19:50:32 - PHP Warning:  Undefined variable $store_info in /Applications/XAMPP/xamppfiles/htdocs/multi_seller_api/admin/controller/setting/store.php on line 238
2025-09-23 19:50:32 - PHP Warning:  Trying to access array offset on value of type null in /Applications/XAMPP/xamppfiles/htdocs/multi_seller_api/admin/controller/setting/store.php on line 238
2025-09-23 19:51:01 - PHP Warning:  Undefined variable $store_info in /Applications/XAMPP/xamppfiles/htdocs/multi_seller_api/admin/controller/setting/store.php on line 238
2025-09-23 19:51:01 - PHP Warning:  Trying to access array offset on value of type null in /Applications/XAMPP/xamppfiles/htdocs/multi_seller_api/admin/controller/setting/store.php on line 238
2025-09-23 19:51:17 - PHP Warning:  Undefined variable $store_info in /Applications/XAMPP/xamppfiles/htdocs/multi_seller_api/admin/controller/setting/store.php on line 237
2025-09-23 19:51:17 - PHP Warning:  Trying to access array offset on value of type null in /Applications/XAMPP/xamppfiles/htdocs/multi_seller_api/admin/controller/setting/store.php on line 237
2025-09-23 19:51:21 - PHP Warning:  Undefined variable $store_info in /Applications/XAMPP/xamppfiles/htdocs/multi_seller_api/admin/controller/setting/store.php on line 236
2025-09-23 19:51:21 - PHP Warning:  Trying to access array offset on value of type null in /Applications/XAMPP/xamppfiles/htdocs/multi_seller_api/admin/controller/setting/store.php on line 236
2025-09-23 19:51:41 - PHP Warning:  Undefined variable $store_info in /Applications/XAMPP/xamppfiles/htdocs/multi_seller_api/admin/controller/setting/store.php on line 236
2025-09-23 19:51:41 - PHP Warning:  Trying to access array offset on value of type null in /Applications/XAMPP/xamppfiles/htdocs/multi_seller_api/admin/controller/setting/store.php on line 236
2025-09-23 19:52:10 - PHP Warning:  Undefined array key "desciption" in /Applications/XAMPP/xamppfiles/htdocs/multi_seller_api/admin/model/setting/store.php on line 4
2025-09-23 19:52:10 - PHP Warning:  Undefined array key "store_logo" in /Applications/XAMPP/xamppfiles/htdocs/multi_seller_api/admin/model/setting/store.php on line 4
2025-09-23 19:52:10 - PHP Warning:  mysqli::query(): (42S22/1054): Unknown column 'desciption' in 'field list' in /Applications/XAMPP/xamppfiles/htdocs/multi_seller_api/system/library/db/mysqli.php on line 25
2025-09-23 19:52:35 - PHP Warning:  Undefined array key "description" in /Applications/XAMPP/xamppfiles/htdocs/multi_seller_api/admin/model/setting/store.php on line 4
2025-09-23 19:52:35 - PHP Warning:  Undefined array key "store_logo" in /Applications/XAMPP/xamppfiles/htdocs/multi_seller_api/admin/model/setting/store.php on line 4
2025-09-23 19:52:35 - PHP Warning:  Undefined array key "url" in /Applications/XAMPP/xamppfiles/htdocs/multi_seller_api/admin/controller/setting/store.php on line 116
2025-09-23 19:52:35 - PHP Warning:  Undefined array key "url" in /Applications/XAMPP/xamppfiles/htdocs/multi_seller_api/admin/controller/common/header.php on line 108
2025-09-23 19:59:34 - PHP Warning:  Undefined array key "url" in /Applications/XAMPP/xamppfiles/htdocs/multi_seller_api/admin/controller/setting/store.php on line 116
2025-09-23 19:59:34 - PHP Warning:  Undefined array key "url" in /Applications/XAMPP/xamppfiles/htdocs/multi_seller_api/admin/controller/common/header.php on line 108
2025-09-23 20:00:06 - PHP Warning:  Undefined array key "url" in /Applications/XAMPP/xamppfiles/htdocs/multi_seller_api/admin/controller/setting/store.php on line 116
2025-09-23 20:00:06 - PHP Warning:  Undefined array key "url" in /Applications/XAMPP/xamppfiles/htdocs/multi_seller_api/admin/controller/common/header.php on line 108
2025-09-23 20:00:18 - PHP Warning:  Undefined array key "url" in /Applications/XAMPP/xamppfiles/htdocs/multi_seller_api/admin/controller/common/header.php on line 108
2025-09-23 20:00:25 - PHP Warning:  Undefined variable $store_info in /Applications/XAMPP/xamppfiles/htdocs/multi_seller_api/admin/controller/setting/store.php on line 236
2025-09-23 20:00:25 - PHP Warning:  Trying to access array offset on value of type null in /Applications/XAMPP/xamppfiles/htdocs/multi_seller_api/admin/controller/setting/store.php on line 236
2025-09-23 20:00:25 - PHP Warning:  Undefined array key "url" in /Applications/XAMPP/xamppfiles/htdocs/multi_seller_api/admin/controller/common/header.php on line 108
2025-09-23 20:00:44 - PHP Warning:  Undefined variable $store_info in /Applications/XAMPP/xamppfiles/htdocs/multi_seller_api/admin/controller/setting/store.php on line 236
2025-09-23 20:00:44 - PHP Warning:  Trying to access array offset on value of type null in /Applications/XAMPP/xamppfiles/htdocs/multi_seller_api/admin/controller/setting/store.php on line 236
2025-09-23 20:00:44 - PHP Warning:  Undefined array key "url" in /Applications/XAMPP/xamppfiles/htdocs/multi_seller_api/admin/controller/common/header.php on line 108
2025-09-23 20:03:44 - PHP Warning:  Undefined variable $store_info in /Applications/XAMPP/xamppfiles/htdocs/multi_seller_api/admin/controller/setting/store.php on line 236
2025-09-23 20:03:44 - PHP Warning:  Trying to access array offset on value of type null in /Applications/XAMPP/xamppfiles/htdocs/multi_seller_api/admin/controller/setting/store.php on line 236
2025-09-23 20:03:44 - PHP Warning:  Undefined array key "url" in /Applications/XAMPP/xamppfiles/htdocs/multi_seller_api/admin/controller/common/header.php on line 108
2025-09-23 20:03:49 - PHP Warning:  Undefined variable $store_info in /Applications/XAMPP/xamppfiles/htdocs/multi_seller_api/admin/controller/setting/store.php on line 236
2025-09-23 20:03:49 - PHP Warning:  Trying to access array offset on value of type null in /Applications/XAMPP/xamppfiles/htdocs/multi_seller_api/admin/controller/setting/store.php on line 236
2025-09-23 20:03:49 - PHP Warning:  Undefined array key "url" in /Applications/XAMPP/xamppfiles/htdocs/multi_seller_api/admin/controller/common/header.php on line 108
2025-09-23 20:03:58 - PHP Warning:  Undefined variable $store_info in /Applications/XAMPP/xamppfiles/htdocs/multi_seller_api/admin/controller/setting/store.php on line 236
2025-09-23 20:03:58 - PHP Warning:  Trying to access array offset on value of type null in /Applications/XAMPP/xamppfiles/htdocs/multi_seller_api/admin/controller/setting/store.php on line 236
2025-09-23 20:03:58 - PHP Warning:  Undefined array key "url" in /Applications/XAMPP/xamppfiles/htdocs/multi_seller_api/admin/controller/common/header.php on line 108
2025-09-23 20:04:36 - PHP Warning:  Undefined variable $user_info in /Applications/XAMPP/xamppfiles/htdocs/multi_seller_api/admin/controller/setting/store.php on line 235
2025-09-23 20:04:36 - PHP Warning:  Undefined variable $store_info in /Applications/XAMPP/xamppfiles/htdocs/multi_seller_api/admin/controller/setting/store.php on line 236
2025-09-23 20:04:36 - PHP Warning:  Trying to access array offset on value of type null in /Applications/XAMPP/xamppfiles/htdocs/multi_seller_api/admin/controller/setting/store.php on line 236
2025-09-23 20:04:36 - PHP Warning:  Undefined array key "url" in /Applications/XAMPP/xamppfiles/htdocs/multi_seller_api/admin/controller/common/header.php on line 108
2025-09-23 20:04:47 - PHP Warning:  Undefined array key "url" in /Applications/XAMPP/xamppfiles/htdocs/multi_seller_api/admin/controller/setting/store.php on line 116
2025-09-23 20:04:47 - PHP Warning:  Undefined array key "url" in /Applications/XAMPP/xamppfiles/htdocs/multi_seller_api/admin/controller/common/header.php on line 108
2025-09-23 20:05:15 - PHP Warning:  Undefined array key "url" in /Applications/XAMPP/xamppfiles/htdocs/multi_seller_api/admin/controller/setting/store.php on line 116
2025-09-23 20:05:15 - PHP Warning:  Undefined array key "url" in /Applications/XAMPP/xamppfiles/htdocs/multi_seller_api/admin/controller/common/header.php on line 108
2025-09-23 20:05:17 - PHP Warning:  Undefined array key "url" in /Applications/XAMPP/xamppfiles/htdocs/multi_seller_api/admin/controller/common/header.php on line 108
2025-09-23 20:05:26 - PHP Warning:  Undefined variable $user_info in /Applications/XAMPP/xamppfiles/htdocs/multi_seller_api/admin/controller/setting/store.php on line 235
2025-09-23 20:05:26 - PHP Warning:  Undefined variable $store_info in /Applications/XAMPP/xamppfiles/htdocs/multi_seller_api/admin/controller/setting/store.php on line 236
2025-09-23 20:05:26 - PHP Warning:  Trying to access array offset on value of type null in /Applications/XAMPP/xamppfiles/htdocs/multi_seller_api/admin/controller/setting/store.php on line 236
2025-09-23 20:05:26 - PHP Warning:  Undefined array key "url" in /Applications/XAMPP/xamppfiles/htdocs/multi_seller_api/admin/controller/common/header.php on line 108
2025-09-23 20:07:56 - PHP Warning:  Undefined variable $store_info in /Applications/XAMPP/xamppfiles/htdocs/multi_seller_api/admin/controller/setting/store.php on line 236
2025-09-23 20:07:56 - PHP Warning:  Trying to access array offset on value of type null in /Applications/XAMPP/xamppfiles/htdocs/multi_seller_api/admin/controller/setting/store.php on line 236
2025-09-23 20:07:56 - PHP Warning:  Undefined array key "url" in /Applications/XAMPP/xamppfiles/htdocs/multi_seller_api/admin/controller/common/header.php on line 108
2025-09-23 20:07:57 - PHP Warning:  Undefined array key "url" in /Applications/XAMPP/xamppfiles/htdocs/multi_seller_api/admin/controller/setting/store.php on line 116
2025-09-23 20:07:57 - PHP Warning:  Undefined array key "url" in /Applications/XAMPP/xamppfiles/htdocs/multi_seller_api/admin/controller/common/header.php on line 108
2025-09-23 20:07:58 - PHP Warning:  Undefined array key "url" in /Applications/XAMPP/xamppfiles/htdocs/multi_seller_api/admin/controller/setting/store.php on line 116
2025-09-23 20:07:58 - PHP Warning:  Undefined array key "url" in /Applications/XAMPP/xamppfiles/htdocs/multi_seller_api/admin/controller/common/header.php on line 108
2025-09-23 20:07:59 - PHP Warning:  Undefined array key "url" in /Applications/XAMPP/xamppfiles/htdocs/multi_seller_api/admin/controller/common/header.php on line 108
2025-09-23 20:08:08 - PHP Warning:  Undefined variable $store_info in /Applications/XAMPP/xamppfiles/htdocs/multi_seller_api/admin/controller/setting/store.php on line 236
2025-09-23 20:08:08 - PHP Warning:  Trying to access array offset on value of type null in /Applications/XAMPP/xamppfiles/htdocs/multi_seller_api/admin/controller/setting/store.php on line 236
2025-09-23 20:08:08 - PHP Warning:  Undefined array key "url" in /Applications/XAMPP/xamppfiles/htdocs/multi_seller_api/admin/controller/common/header.php on line 108
2025-09-24 9:30:42 - PHP Warning:  mysqli::query(): (42S22/1054): Unknown column 'url' in 'where clause' in /Applications/XAMPP/xamppfiles/htdocs/multi_seller_api/system/library/db/mysqli.php on line 25
